Performing C SOURCE FILE Test CMAKE_HAVE_LIBC_PTHREAD failed with the following output:
Change Dir: /home/steak/Documents/GitHub/CUpsilon/build/CMakeFiles/CMakeTmp

Run Build Command(s):/usr/bin/gmake cmTC_84a7f/fast && gmake[1]: Entering directory '/home/steak/Documents/GitHub/CUpsilon/build/CMakeFiles/CMakeTmp'
/usr/bin/gmake -f CMakeFiles/cmTC_84a7f.dir/build.make CMakeFiles/cmTC_84a7f.dir/build
gmake[2]: Entering directory '/home/steak/Documents/GitHub/CUpsilon/build/CMakeFiles/CMakeTmp'
Building C object CMakeFiles/cmTC_84a7f.dir/src.c.o
/usr/bin/gcc   -DCMAKE_HAVE_LIBC_PTHREAD   -o CMakeFiles/cmTC_84a7f.dir/src.c.o   -c /home/steak/Documents/GitHub/CUpsilon/build/CMakeFiles/CMakeTmp/src.c
Linking C executable cmTC_84a7f
/usr/bin/cmake -E cmake_link_script CMakeFiles/cmTC_84a7f.dir/link.txt --verbose=1
/usr/bin/gcc  -DCMAKE_HAVE_LIBC_PTHREAD    -rdynamic CMakeFiles/cmTC_84a7f.dir/src.c.o  -o cmTC_84a7f 
/usr/bin/ld: CMakeFiles/cmTC_84a7f.dir/src.c.o: in function `main':
src.c:(.text+0x2d): undefined reference to `pthread_create'
/usr/bin/ld: src.c:(.text+0x39): undefined reference to `pthread_detach'
/usr/bin/ld: src.c:(.text+0x45): undefined reference to `pthread_cancel'
/usr/bin/ld: src.c:(.text+0x56): undefined reference to `pthread_join'
collect2: error: ld returned 1 exit status
gmake[2]: *** [CMakeFiles/cmTC_84a7f.dir/build.make:104: cmTC_84a7f] Error 1
gmake[2]: Leaving directory '/home/steak/Documents/GitHub/CUpsilon/build/CMakeFiles/CMakeTmp'
gmake[1]: *** [Makefile:138: cmTC_84a7f/fast] Error 2
gmake[1]: Leaving directory '/home/steak/Documents/GitHub/CUpsilon/build/CMakeFiles/CMakeTmp'


Source file was:
#include <pthread.h>

void* test_func(void* data)
{
  return data;
}

int main(void)
{
  pthread_t thread;
  pthread_create(&thread, NULL, test_func, NULL);
  pthread_detach(thread);
  pthread_cancel(thread);
  pthread_join(thread, NULL);
  pthread_atfork(NULL, NULL, NULL);
  pthread_exit(NULL);

  return 0;
}

Determining if the function pthread_create exists in the pthreads failed with the following output:
Change Dir: /home/steak/Documents/GitHub/CUpsilon/build/CMakeFiles/CMakeTmp

Run Build Command(s):/usr/bin/gmake cmTC_3c409/fast && gmake[1]: Entering directory '/home/steak/Documents/GitHub/CUpsilon/build/CMakeFiles/CMakeTmp'
/usr/bin/gmake -f CMakeFiles/cmTC_3c409.dir/build.make CMakeFiles/cmTC_3c409.dir/build
gmake[2]: Entering directory '/home/steak/Documents/GitHub/CUpsilon/build/CMakeFiles/CMakeTmp'
Building C object CMakeFiles/cmTC_3c409.dir/CheckFunctionExists.c.o
/usr/bin/gcc   -DCHECK_FUNCTION_EXISTS=pthread_create   -o CMakeFiles/cmTC_3c409.dir/CheckFunctionExists.c.o   -c /usr/share/cmake/Modules/CheckFunctionExists.c
Linking C executable cmTC_3c409
/usr/bin/cmake -E cmake_link_script CMakeFiles/cmTC_3c409.dir/link.txt --verbose=1
/usr/bin/gcc  -DCHECK_FUNCTION_EXISTS=pthread_create    -rdynamic CMakeFiles/cmTC_3c409.dir/CheckFunctionExists.c.o  -o cmTC_3c409  -lpthreads 
/usr/bin/ld: cannot find -lpthreads
collect2: error: ld returned 1 exit status
gmake[2]: *** [CMakeFiles/cmTC_3c409.dir/build.make:104: cmTC_3c409] Error 1
gmake[2]: Leaving directory '/home/steak/Documents/GitHub/CUpsilon/build/CMakeFiles/CMakeTmp'
gmake[1]: *** [Makefile:138: cmTC_3c409/fast] Error 2
gmake[1]: Leaving directory '/home/steak/Documents/GitHub/CUpsilon/build/CMakeFiles/CMakeTmp'



